time="2019-10-11T12:25:26+02:00" level=info msg="prod-gcp: %!s(pkg.Status=1))"
time="2019-10-11T12:25:26+02:00" level=info msg="[{0xc000402580 0xc000068070 devWeb02 0 0xc000020280} {0xc000406f20 0xc0000680e0 dev-gcp 0 0xc0000202c0} {0xc000406000 0xc000068150 prod-gcp 1 0xc000020300}]"
time="2019-10-11T12:25:31+02:00" level=info msg="prod-gcp: starting"
time="2019-10-11T12:25:31+02:00" level=info msg="&{/usr/bin/ssh [/usr/bin/ssh -N -v -F /usr/local/share/navtunnel/ssh_config prod-gcp] []  <nil> <nil> %!s(*os.File=&{0xc00035fb00}) [] %!s(*syscall.SysProcAttr=<nil>) %!s(*os.Process=&{14683 0 0 {{0 0} 0 0 0 0}}) <nil> <nil> <nil> %!s(bool=false) [%!s(*os.File=&{0xc00035fb60}) %!s(*os.File=&{0xc00035fbc0}) %!s(*os.File=&{0xc00035fb00})] [%!s(*os.File=&{0xc00035fb00}) %!s(*os.File=&{0xc00035fb60}) %!s(*os.File=&{0xc00035fbc0})] [%!s(*os.File=&{0xc00035faa0})] [] %!s(chan error=0xc0000b6300) %!s(chan struct {}=<nil>)}: asassdadsasdadsas"
time="2019-10-11T12:25:31+02:00" level=info msg="prod-gcp: started"
time="2019-10-11T12:25:31+02:00" level=info msg="prod-gcp: %!s(pkg.Status=2))"
time="2019-10-11T12:25:31+02:00" level=info msg="[{0xc000402580 0xc000068070 devWeb02 0 0xc000020280} {0xc000406f20 0xc0000680e0 dev-gcp 0 0xc0000202c0} {0xc0000f4b00 0xc000068150 prod-gcp 2 0xc000020300}]"
time="2019-10-11T12:25:36+02:00" level=info msg="prod-gcp: %!s(pkg.Status=1))"
time="2019-10-11T12:25:36+02:00" level=info msg="[{0xc000402580 0xc000068070 devWeb02 0 0xc000020280} {0xc000406f20 0xc0000680e0 dev-gcp 0 0xc0000202c0} {0xc0000f4b00 0xc000068150 prod-gcp 1 0xc000020300}]"
time="2019-10-11T12:25:42+02:00" level=info msg="prod-gcp: starting"
time="2019-10-11T12:25:42+02:00" level=info msg="&{/usr/bin/ssh [/usr/bin/ssh -N -v -F /usr/local/share/navtunnel/ssh_config prod-gcp] []  <nil> <nil> %!s(*os.File=&{0xc000079860}) [] %!s(*syscall.SysProcAttr=<nil>) %!s(*os.Process=&{14688 0 0 {{0 0} 0 0 0 0}}) <nil> <nil> <nil> %!s(bool=false) [%!s(*os.File=&{0xc0000798c0}) %!s(*os.File=&{0xc000079920}) %!s(*os.File=&{0xc000079860})] [%!s(*os.File=&{0xc000079860}) %!s(*os.File=&{0xc0000798c0}) %!s(*os.File=&{0xc000079920})] [%!s(*os.File=&{0xc000079800})] [] %!s(chan error=0xc000082360) %!s(chan struct {}=<nil>)}: asassdadsasdadsas"
time="2019-10-11T12:25:42+02:00" level=info msg="prod-gcp: started"
time="2019-10-11T12:25:42+02:00" level=info msg="prod-gcp: %!s(pkg.Status=2))"
time="2019-10-11T12:25:42+02:00" level=info msg="[{0xc000402580 0xc000068070 devWeb02 0 0xc000020280} {0xc000406f20 0xc0000680e0 dev-gcp 0 0xc0000202c0} {0xc00015c160 0xc000068150 prod-gcp 2 0xc000020300}]"
time="2019-10-11T12:25:47+02:00" level=info msg="prod-gcp: %!s(pkg.Status=1))"
time="2019-10-11T12:25:47+02:00" level=info msg="[{0xc000402580 0xc000068070 devWeb02 0 0xc000020280} {0xc000406f20 0xc0000680e0 dev-gcp 0 0xc0000202c0} {0xc00015c160 0xc000068150 prod-gcp 1 0xc000020300}]"
time="2019-10-11T12:25:52+02:00" level=info msg="prod-gcp: starting"
time="2019-10-11T12:25:52+02:00" level=info msg="&{/usr/bin/ssh [/usr/bin/ssh -N -v -F /usr/local/share/navtunnel/ssh_config prod-gcp] []  <nil> <nil> %!s(*os.File=&{0xc00035ff20}) [] %!s(*syscall.SysProcAttr=<nil>) %!s(*os.Process=&{14691 0 0 {{0 0} 0 0 0 0}}) <nil> <nil> <nil> %!s(bool=false) [%!s(*os.File=&{0xc00035ff80}) %!s(*os.File=&{0xc0003bc120}) %!s(*os.File=&{0xc00035ff20})] [%!s(*os.File=&{0xc00035ff20}) %!s(*os.File=&{0xc00035ff80}) %!s(*os.File=&{0xc0003bc120})] [%!s(*os.File=&{0xc00035fec0})] [] %!s(chan error=0xc0000b6360) %!s(chan struct {}=<nil>)}: asassdadsasdadsas"
time="2019-10-11T12:25:52+02:00" level=info msg="prod-gcp: started"
time="2019-10-11T12:25:52+02:00" level=info msg="prod-gcp: %!s(pkg.Status=2))"
time="2019-10-11T12:25:52+02:00" level=info msg="[{0xc000402580 0xc000068070 devWeb02 0 0xc000020280} {0xc000406f20 0xc0000680e0 dev-gcp 0 0xc0000202c0} {0xc0000f4dc0 0xc000068150 prod-gcp 2 0xc000020300}]"
time="2019-10-11T12:25:57+02:00" level=info msg="prod-gcp: %!s(pkg.Status=1))"
time="2019-10-11T12:25:57+02:00" level=info msg="[{0xc000402580 0xc000068070 devWeb02 0 0xc000020280} {0xc000406f20 0xc0000680e0 dev-gcp 0 0xc0000202c0} {0xc0000f4dc0 0xc000068150 prod-gcp 1 0xc000020300}]"
time="2019-10-11T12:26:02+02:00" level=info msg="prod-gcp: starting"
time="2019-10-11T12:26:02+02:00" level=info msg="&{/usr/bin/ssh [/usr/bin/ssh -N -v -F /usr/local/share/navtunnel/ssh_config prod-gcp] []  <nil> <nil> %!s(*os.File=&{0xc0003bcae0}) [] %!s(*syscall.SysProcAttr=<nil>) %!s(*os.Process=&{14695 0 0 {{0 0} 0 0 0 0}}) <nil> <nil> <nil> %!s(bool=false) [%!s(*os.File=&{0xc0003bcc00}) %!s(*os.File=&{0xc0003bcc60}) %!s(*os.File=&{0xc0003bcae0})] [%!s(*os.File=&{0xc0003bcae0}) %!s(*os.File=&{0xc0003bcc00}) %!s(*os.File=&{0xc0003bcc60})] [%!s(*os.File=&{0xc0003bca80})] [] %!s(chan error=0xc0000b63c0) %!s(chan struct {}=<nil>)}: asassdadsasdadsas"
time="2019-10-11T12:26:02+02:00" level=info msg="prod-gcp: started"
time="2019-10-11T12:26:02+02:00" level=info msg="prod-gcp: %!s(pkg.Status=2))"
time="2019-10-11T12:26:02+02:00" level=info msg="[{0xc000402580 0xc000068070 devWeb02 0 0xc000020280} {0xc000406f20 0xc0000680e0 dev-gcp 0 0xc0000202c0} {0xc0000f5080 0xc000068150 prod-gcp 2 0xc000020300}]"
time="2019-10-11T12:26:07+02:00" level=info msg="prod-gcp: %!s(pkg.Status=1))"
time="2019-10-11T12:26:07+02:00" level=info msg="[{0xc000402580 0xc000068070 devWeb02 0 0xc000020280} {0xc000406f20 0xc0000680e0 dev-gcp 0 0xc0000202c0} {0xc0000f5080 0xc000068150 prod-gcp 1 0xc000020300}]"
time="2019-10-11T12:26:12+02:00" level=info msg="prod-gcp: starting"
time="2019-10-11T12:26:12+02:00" level=info msg="&{/usr/bin/ssh [/usr/bin/ssh -N -v -F /usr/local/share/navtunnel/ssh_config prod-gcp] []  <nil> <nil> %!s(*os.File=&{0xc00009daa0}) [] %!s(*syscall.SysProcAttr=<nil>) %!s(*os.Process=&{14698 0 0 {{0 0} 0 0 0 0}}) <nil> <nil> <nil> %!s(bool=false) [%!s(*os.File=&{0xc00009db00}) %!s(*os.File=&{0xc00009db60}) %!s(*os.File=&{0xc00009daa0})] [%!s(*os.File=&{0xc00009daa0}) %!s(*os.File=&{0xc00009db00}) %!s(*os.File=&{0xc00009db60})] [%!s(*os.File=&{0xc00009da40})] [] %!s(chan error=0xc0002920c0) %!s(chan struct {}=<nil>)}: asassdadsasdadsas"
time="2019-10-11T12:26:12+02:00" level=info msg="prod-gcp: started"
time="2019-10-11T12:26:12+02:00" level=info msg="prod-gcp: %!s(pkg.Status=2))"
time="2019-10-11T12:26:12+02:00" level=info msg="[{0xc000402580 0xc000068070 devWeb02 0 0xc000020280} {0xc000406f20 0xc0000680e0 dev-gcp 0 0xc0000202c0} {0xc0004062c0 0xc000068150 prod-gcp 2 0xc000020300}]"
time="2019-10-11T12:26:17+02:00" level=info msg="prod-gcp: %!s(pkg.Status=1))"
time="2019-10-11T12:26:17+02:00" level=info msg="[{0xc000402580 0xc000068070 devWeb02 0 0xc000020280} {0xc000406f20 0xc0000680e0 dev-gcp 0 0xc0000202c0} {0xc0004062c0 0xc000068150 prod-gcp 1 0xc000020300}]"
time="2019-10-11T12:26:22+02:00" level=info msg="prod-gcp: starting"
time="2019-10-11T12:26:22+02:00" level=info msg="&{/usr/bin/ssh [/usr/bin/ssh -N -v -F /usr/local/share/navtunnel/ssh_config prod-gcp] []  <nil> <nil> %!s(*os.File=&{0xc0003bd1a0}) [] %!s(*syscall.SysProcAttr=<nil>) %!s(*os.Process=&{14701 0 0 {{0 0} 0 0 0 0}}) <nil> <nil> <nil> %!s(bool=false) [%!s(*os.File=&{0xc0003bd200}) %!s(*os.File=&{0xc0003bd260}) %!s(*os.File=&{0xc0003bd1a0})] [%!s(*os.File=&{0xc0003bd1a0}) %!s(*os.File=&{0xc0003bd200}) %!s(*os.File=&{0xc0003bd260})] [%!s(*os.File=&{0xc0003bd140})] [] %!s(chan error=0xc0000b6420) %!s(chan struct {}=<nil>)}: asassdadsasdadsas"
time="2019-10-11T12:26:22+02:00" level=info msg="prod-gcp: started"
time="2019-10-11T12:26:22+02:00" level=info msg="prod-gcp: %!s(pkg.Status=2))"
time="2019-10-11T12:26:22+02:00" level=info msg="[{0xc000402580 0xc000068070 devWeb02 0 0xc000020280} {0xc000406f20 0xc0000680e0 dev-gcp 0 0xc0000202c0} {0xc0000f5340 0xc000068150 prod-gcp 2 0xc000020300}]"
time="2019-10-11T12:26:27+02:00" level=info msg="prod-gcp: %!s(pkg.Status=1))"
time="2019-10-11T12:26:27+02:00" level=info msg="[{0xc000402580 0xc000068070 devWeb02 0 0xc000020280} {0xc000406f20 0xc0000680e0 dev-gcp 0 0xc0000202c0} {0xc0000f5340 0xc000068150 prod-gcp 1 0xc000020300}]"
time="2019-10-11T12:26:32+02:00" level=info msg="prod-gcp: starting"
time="2019-10-11T12:26:32+02:00" level=info msg="&{/usr/bin/ssh [/usr/bin/ssh -N -v -F /usr/local/share/navtunnel/ssh_config prod-gcp] []  <nil> <nil> %!s(*os.File=&{0xc000079c80}) [] %!s(*syscall.SysProcAttr=<nil>) %!s(*os.Process=&{14706 0 0 {{0 0} 0 0 0 0}}) <nil> <nil> <nil> %!s(bool=false) [%!s(*os.File=&{0xc000079ce0}) %!s(*os.File=&{0xc000079da0}) %!s(*os.File=&{0xc000079c80})] [%!s(*os.File=&{0xc000079c80}) %!s(*os.File=&{0xc000079ce0}) %!s(*os.File=&{0xc000079da0})] [%!s(*os.File=&{0xc000079c20})] [] %!s(chan error=0xc0000823c0) %!s(chan struct {}=<nil>)}: asassdadsasdadsas"
time="2019-10-11T12:26:32+02:00" level=info msg="prod-gcp: started"
time="2019-10-11T12:26:32+02:00" level=info msg="prod-gcp: %!s(pkg.Status=2))"
time="2019-10-11T12:26:32+02:00" level=info msg="[{0xc000402580 0xc000068070 devWeb02 0 0xc000020280} {0xc000406f20 0xc0000680e0 dev-gcp 0 0xc0000202c0} {0xc00015c420 0xc000068150 prod-gcp 2 0xc000020300}]"
time="2019-10-11T12:26:37+02:00" level=info msg="prod-gcp: %!s(pkg.Status=1))"
time="2019-10-11T12:26:37+02:00" level=info msg="[{0xc000402580 0xc000068070 devWeb02 0 0xc000020280} {0xc000406f20 0xc0000680e0 dev-gcp 0 0xc0000202c0} {0xc00015c420 0xc000068150 prod-gcp 1 0xc000020300}]"
time="2019-10-11T12:26:42+02:00" level=info msg="prod-gcp: starting"
time="2019-10-11T12:26:42+02:00" level=info msg="&{/usr/bin/ssh [/usr/bin/ssh -N -v -F /usr/local/share/navtunnel/ssh_config prod-gcp] []  <nil> <nil> %!s(*os.File=&{0xc000514c60}) [] %!s(*syscall.SysProcAttr=<nil>) %!s(*os.Process=&{14711 0 0 {{0 0} 0 0 0 0}}) <nil> <nil> <nil> %!s(bool=false) [%!s(*os.File=&{0xc000514d80}) %!s(*os.File=&{0xc000514de0}) %!s(*os.File=&{0xc000514c60})] [%!s(*os.File=&{0xc000514c60}) %!s(*os.File=&{0xc000514d80}) %!s(*os.File=&{0xc000514de0})] [%!s(*os.File=&{0xc000514c00})] [] %!s(chan error=0xc0000b6240) %!s(chan struct {}=<nil>)}: asassdadsasdadsas"
time="2019-10-11T12:26:42+02:00" level=info msg="prod-gcp: started"
time="2019-10-11T12:26:42+02:00" level=info msg="prod-gcp: %!s(pkg.Status=2))"
time="2019-10-11T12:26:42+02:00" level=info msg="[{0xc000402580 0xc000068070 devWeb02 0 0xc000020280} {0xc000406f20 0xc0000680e0 dev-gcp 0 0xc0000202c0} {0xc000402000 0xc000068150 prod-gcp 2 0xc000020300}]"
time="2019-10-11T12:26:47+02:00" level=info msg="prod-gcp: %!s(pkg.Status=1))"
time="2019-10-11T12:26:47+02:00" level=info msg="[{0xc000402580 0xc000068070 devWeb02 0 0xc000020280} {0xc000406f20 0xc0000680e0 dev-gcp 0 0xc0000202c0} {0xc000402000 0xc000068150 prod-gcp 1 0xc000020300}]"
time="2019-10-11T12:26:52+02:00" level=info msg="prod-gcp: starting"
time="2019-10-11T12:26:53+02:00" level=info msg="&{/usr/bin/ssh [/usr/bin/ssh -N -v -F /usr/local/share/navtunnel/ssh_config prod-gcp] []  <nil> <nil> %!s(*os.File=&{0xc0005150e0}) [] %!s(*syscall.SysProcAttr=<nil>) %!s(*os.Process=&{14715 0 0 {{0 0} 0 0 0 0}}) <nil> <nil> <nil> %!s(bool=false) [%!s(*os.File=&{0xc000515140}) %!s(*os.File=&{0xc0005151a0}) %!s(*os.File=&{0xc0005150e0})] [%!s(*os.File=&{0xc0005150e0}) %!s(*os.File=&{0xc000515140}) %!s(*os.File=&{0xc0005151a0})] [%!s(*os.File=&{0xc000515080})] [] %!s(chan error=0xc0000b62a0) %!s(chan struct {}=<nil>)}: asassdadsasdadsas"
time="2019-10-11T12:26:53+02:00" level=info msg="prod-gcp: started"
time="2019-10-11T12:26:53+02:00" level=info msg="prod-gcp: %!s(pkg.Status=2))"
time="2019-10-11T12:26:53+02:00" level=info msg="[{0xc000402580 0xc000068070 devWeb02 0 0xc000020280} {0xc000406f20 0xc0000680e0 dev-gcp 0 0xc0000202c0} {0xc000402420 0xc000068150 prod-gcp 2 0xc000020300}]"
time="2019-10-11T12:26:58+02:00" level=info msg="prod-gcp: %!s(pkg.Status=1))"
time="2019-10-11T12:26:58+02:00" level=info msg="[{0xc000402580 0xc000068070 devWeb02 0 0xc000020280} {0xc000406f20 0xc0000680e0 dev-gcp 0 0xc0000202c0} {0xc000402420 0xc000068150 prod-gcp 1 0xc000020300}]"
time="2019-10-11T12:27:03+02:00" level=info msg="prod-gcp: starting"
time="2019-10-11T12:27:03+02:00" level=info msg="&{/usr/bin/ssh [/usr/bin/ssh -N -v -F /usr/local/share/navtunnel/ssh_config prod-gcp] []  <nil> <nil> %!s(*os.File=&{0xc000078fc0}) [] %!s(*syscall.SysProcAttr=<nil>) %!s(*os.Process=&{14718 0 0 {{0 0} 0 0 0 0}}) <nil> <nil> <nil> %!s(bool=false) [%!s(*os.File=&{0xc000079020}) %!s(*os.File=&{0xc000079080}) %!s(*os.File=&{0xc000078fc0})] [%!s(*os.File=&{0xc000078fc0}) %!s(*os.File=&{0xc000079020}) %!s(*os.File=&{0xc000079080})] [%!s(*os.File=&{0xc000078e40})] [] %!s(chan error=0xc000292000) %!s(chan struct {}=<nil>)}: asassdadsasdadsas"
time="2019-10-11T12:27:03+02:00" level=info msg="prod-gcp: started"
time="2019-10-11T12:27:03+02:00" level=info msg="prod-gcp: %!s(pkg.Status=2))"
time="2019-10-11T12:27:03+02:00" level=info msg="[{0xc000402580 0xc000068070 devWeb02 0 0xc000020280} {0xc000406f20 0xc0000680e0 dev-gcp 0 0xc0000202c0} {0xc00015c000 0xc000068150 prod-gcp 2 0xc000020300}]"
time="2019-10-11T12:27:08+02:00" level=info msg="prod-gcp: %!s(pkg.Status=1))"
time="2019-10-11T12:27:08+02:00" level=info msg="[{0xc000402580 0xc000068070 devWeb02 0 0xc000020280} {0xc000406f20 0xc0000680e0 dev-gcp 0 0xc0000202c0} {0xc00015c000 0xc000068150 prod-gcp 1 0xc000020300}]"
time="2019-10-11T12:27:13+02:00" level=info msg="prod-gcp: starting"
time="2019-10-11T12:27:13+02:00" level=info msg="&{/usr/bin/ssh [/usr/bin/ssh -N -v -F /usr/local/share/navtunnel/ssh_config prod-gcp] []  <nil> <nil> %!s(*os.File=&{0xc00035efc0}) [] %!s(*syscall.SysProcAttr=<nil>) %!s(*os.Process=&{14732 0 0 {{0 0} 0 0 0 0}}) <nil> <nil> <nil> %!s(bool=false) [%!s(*os.File=&{0xc00035f020}) %!s(*os.File=&{0xc00035f080}) %!s(*os.File=&{0xc00035efc0})] [%!s(*os.File=&{0xc00035efc0}) %!s(*os.File=&{0xc00035f020}) %!s(*os.File=&{0xc00035f080})] [%!s(*os.File=&{0xc00035eea0})] [] %!s(chan error=0xc000568240) %!s(chan struct {}=<nil>)}: asassdadsasdadsas"
time="2019-10-11T12:27:13+02:00" level=info msg="prod-gcp: started"
time="2019-10-11T12:27:13+02:00" level=info msg="prod-gcp: %!s(pkg.Status=2))"
time="2019-10-11T12:27:13+02:00" level=info msg="[{0xc000402580 0xc000068070 devWeb02 0 0xc000020280} {0xc000406f20 0xc0000680e0 dev-gcp 0 0xc0000202c0} {0xc000406000 0xc000068150 prod-gcp 2 0xc000020300}]"
time="2019-10-11T12:27:18+02:00" level=info msg="prod-gcp: %!s(pkg.Status=1))"
time="2019-10-11T12:27:18+02:00" level=info msg="[{0xc000402580 0xc000068070 devWeb02 0 0xc000020280} {0xc000406f20 0xc0000680e0 dev-gcp 0 0xc0000202c0} {0xc000406000 0xc000068150 prod-gcp 1 0xc000020300}]"
time="2019-10-11T12:27:23+02:00" level=info msg="prod-gcp: starting"
time="2019-10-11T12:27:23+02:00" level=info msg="&{/usr/bin/ssh [/usr/bin/ssh -N -v -F /usr/local/share/navtunnel/ssh_config prod-gcp] []  <nil> <nil> %!s(*os.File=&{0xc000079680}) [] %!s(*syscall.SysProcAttr=<nil>) %!s(*os.Process=&{14735 0 0 {{0 0} 0 0 0 0}}) <nil> <nil> <nil> %!s(bool=false) [%!s(*os.File=&{0xc0000796e0}) %!s(*os.File=&{0xc0000797a0}) %!s(*os.File=&{0xc000079680})] [%!s(*os.File=&{0xc000079680}) %!s(*os.File=&{0xc0000796e0}) %!s(*os.File=&{0xc0000797a0})] [%!s(*os.File=&{0xc000079620})] [] %!s(chan error=0xc000292060) %!s(chan struct {}=<nil>)}: asassdadsasdadsas"
time="2019-10-11T12:27:23+02:00" level=info msg="prod-gcp: started"
time="2019-10-11T12:27:23+02:00" level=info msg="prod-gcp: %!s(pkg.Status=2))"
time="2019-10-11T12:27:23+02:00" level=info msg="[{0xc000402580 0xc000068070 devWeb02 0 0xc000020280} {0xc000406f20 0xc0000680e0 dev-gcp 0 0xc0000202c0} {0xc00015c2c0 0xc000068150 prod-gcp 2 0xc000020300}]"
time="2019-10-11T12:27:28+02:00" level=info msg="prod-gcp: %!s(pkg.Status=1))"
time="2019-10-11T12:27:28+02:00" level=info msg="[{0xc000402580 0xc000068070 devWeb02 0 0xc000020280} {0xc000406f20 0xc0000680e0 dev-gcp 0 0xc0000202c0} {0xc00015c2c0 0xc000068150 prod-gcp 1 0xc000020300}]"
time="2019-10-11T12:27:33+02:00" level=info msg="prod-gcp: starting"
time="2019-10-11T12:27:33+02:00" level=info msg="&{/usr/bin/ssh [/usr/bin/ssh -N -v -F /usr/local/share/navtunnel/ssh_config prod-gcp] []  <nil> <nil> %!s(*os.File=&{0xc00035f620}) [] %!s(*syscall.SysProcAttr=<nil>) %!s(*os.Process=&{14738 0 0 {{0 0} 0 0 0 0}}) <nil> <nil> <nil> %!s(bool=false) [%!s(*os.File=&{0xc00035f680}) %!s(*os.File=&{0xc00035f740}) %!s(*os.File=&{0xc00035f620})] [%!s(*os.File=&{0xc00035f620}) %!s(*os.File=&{0xc00035f680}) %!s(*os.File=&{0xc00035f740})] [%!s(*os.File=&{0xc00035f5c0})] [] %!s(chan error=0xc0005682a0) %!s(chan struct {}=<nil>)}: asassdadsasdadsas"
time="2019-10-11T12:27:33+02:00" level=info msg="prod-gcp: started"
time="2019-10-11T12:27:33+02:00" level=info msg="prod-gcp: %!s(pkg.Status=2))"
time="2019-10-11T12:27:33+02:00" level=info msg="[{0xc000402580 0xc000068070 devWeb02 0 0xc000020280} {0xc000406f20 0xc0000680e0 dev-gcp 0 0xc0000202c0} {0xc0004062c0 0xc000068150 prod-gcp 2 0xc000020300}]"
time="2019-10-11T12:27:38+02:00" level=info msg="prod-gcp: %!s(pkg.Status=1))"
time="2019-10-11T12:27:38+02:00" level=info msg="[{0xc000402580 0xc000068070 devWeb02 0 0xc000020280} {0xc000406f20 0xc0000680e0 dev-gcp 0 0xc0000202c0} {0xc0004062c0 0xc000068150 prod-gcp 1 0xc000020300}]"
time="2019-10-11T12:27:43+02:00" level=info msg="prod-gcp: starting"
time="2019-10-11T12:27:43+02:00" level=info msg="&{/usr/bin/ssh [/usr/bin/ssh -N -v -F /usr/local/share/navtunnel/ssh_config prod-gcp] []  <nil> <nil> %!s(*os.File=&{0xc000079d40}) [] %!s(*syscall.SysProcAttr=<nil>) %!s(*os.Process=&{14743 0 0 {{0 0} 0 0 0 0}}) <nil> <nil> <nil> %!s(bool=false) [%!s(*os.File=&{0xc000079e00}) %!s(*os.File=&{0xc000079e60}) %!s(*os.File=&{0xc000079d40})] [%!s(*os.File=&{0xc000079d40}) %!s(*os.File=&{0xc000079e00}) %!s(*os.File=&{0xc000079e60})] [%!s(*os.File=&{0xc000079b60})] [] %!s(chan error=0xc0002920c0) %!s(chan struct {}=<nil>)}: asassdadsasdadsas"
time="2019-10-11T12:27:43+02:00" level=info msg="prod-gcp: started"
time="2019-10-11T12:27:43+02:00" level=info msg="prod-gcp: %!s(pkg.Status=2))"
time="2019-10-11T12:27:43+02:00" level=info msg="[{0xc000402580 0xc000068070 devWeb02 0 0xc000020280} {0xc000406f20 0xc0000680e0 dev-gcp 0 0xc0000202c0} {0xc00015c6e0 0xc000068150 prod-gcp 2 0xc000020300}]"
time="2019-10-11T12:27:48+02:00" level=info msg="prod-gcp: %!s(pkg.Status=1))"
time="2019-10-11T12:27:48+02:00" level=info msg="[{0xc000402580 0xc000068070 devWeb02 0 0xc000020280} {0xc000406f20 0xc0000680e0 dev-gcp 0 0xc0000202c0} {0xc00015c6e0 0xc000068150 prod-gcp 1 0xc000020300}]"
